c:\users\p0035777\source\repos\2048\2048\x64\debug\vc143.pdb
c:\users\p0035777\source\repos\2048\2048\x64\debug\vc143.idb
c:\users\p0035777\source\repos\2048\2048\x64\debug\main.obj
c:\users\p0035777\source\repos\2048\2048\x64\debug\game.obj
c:\users\p0035777\source\repos\2048\2048\x64\debug\board.obj
c:\users\p0035777\source\repos\2048\x64\debug\2048.exe
c:\users\p0035777\source\repos\2048\x64\debug\2048.pdb
c:\users\p0035777\source\repos\2048\2048\x64\debug\2048.res
c:\users\p0035777\source\repos\2048\2048\x64\debug\2048.ilk
c:\users\p0035777\source\repos\2048\2048\x64\debug\2048.tlog\cl.command.1.tlog
c:\users\p0035777\source\repos\2048\2048\x64\debug\2048.tlog\cl.items.tlog
c:\users\p0035777\source\repos\2048\2048\x64\debug\2048.tlog\cl.read.1.tlog
c:\users\p0035777\source\repos\2048\2048\x64\debug\2048.tlog\cl.write.1.tlog
c:\users\p0035777\source\repos\2048\2048\x64\debug\2048.tlog\link.command.1.tlog
c:\users\p0035777\source\repos\2048\2048\x64\debug\2048.tlog\link.read.1.tlog
c:\users\p0035777\source\repos\2048\2048\x64\debug\2048.tlog\link.secondary.1.tlog
c:\users\p0035777\source\repos\2048\2048\x64\debug\2048.tlog\link.write.1.tlog
c:\users\p0035777\source\repos\2048\2048\x64\debug\2048.tlog\rc.command.1.tlog
c:\users\p0035777\source\repos\2048\2048\x64\debug\2048.tlog\rc.read.1.tlog
c:\users\p0035777\source\repos\2048\2048\x64\debug\2048.tlog\rc.write.1.tlog
